<?xml version="1.0" encoding="UTF-8"?>
<!-- Generated by org.testng.reporters.JUnitReportReporter -->
<testsuite hostname="DESKTOP-QGGBBNB" failures="0" tests="3" name="com.opencart.qa.testcases.LoginPageTest" time="15.573" errors="0" timestamp="2023-02-14T17:12:24 IST" skipped="0">
  <testcase classname="com.opencart.qa.testcases.LoginPageTest" name="LoginPageTitleTest" time="5.174"/>
  <system-out/>
  <testcase classname="com.opencart.qa.testcases.LoginPageTest" name="LogoImageTest" time="5.362"/>
  <system-out/>
  <testcase classname="com.opencart.qa.testcases.LoginPageTest" name="loginTest" time="5.037"/>
  <system-out/>
</testsuite> <!-- com.opencart.qa.testcases.LoginPageTest -->
